###############################################################################
#                                                                             #
# IAR 8051 C/C++ Compiler V7.30B/W32                    21/Dec/2012  16:33:22 #
# Copyright 2004-2007 IAR Systems. All rights reserved.                       #
#                                                                             #
#    Core               =  plain                                              #
#    Code model         =  banked                                             #
#    Data model         =  large                                              #
#    Calling convention =  xdata reentrant                                    #
#    Constant location  =  data                                               #
#    Dptr setup         =  1,16                                               #
#    Source file        =  C:\Texas Instruments\ZStack-1.4.3-1.2.1\Projects\z #
#                          stack\Samples\AXDApp\Source\AXD.c                  #
#    Command line       =  -f "C:\Texas Instruments\ZStack-1.4.3-1.2.1\Projec #
#                          ts\zstack\Samples\AXDApp\CC2430DB\..\..\..\Tools\C #
#                          C2430DB\f8wEndev.cfg" (-DCPU32MHZ                  #
#                          -DFORCE_MAC_NEAR -DROOT=__near_func                #
#                          -DMAC_OPT_FFD=0 -DBLINK_LEDS "-DCONST=const        #
#                          __code" -DGENERIC=__generic) -f "C:\Texas          #
#                          Instruments\ZStack-1.4.3-1.2.1\Projects\zstack\Sam #
#                          ples\AXDApp\CC2430DB\..\..\..\Tools\CC2430DB\f8wCo #
#                          nfig.cfg" (-DSECURE=0 -DDEFAULT_CHANLIST=0x0000080 #
#                          0 -DZDAPP_CONFIG_PAN_ID=0xFFFF                     #
#                          -DNWK_START_DELAY=100 -DEXTENDED_JOINING_RANDOM_MA #
#                          SK=0x007F -DBEACON_REQUEST_DELAY=100               #
#                          -DBEACON_REQ_DELAY_MASK=0x00FF                     #
#                          -DROUTE_EXPIRY_TIME=30 -DAPSC_ACK_WAIT_DURATION_PO #
#                          LLED=3000 -DNWK_INDIRECT_MSG_TIMEOUT=7             #
#                          -DMAX_RREQ_ENTRIES=10 -DAPSC_MAX_FRAME_RETRIES=3   #
#                          -DNWK_MAX_DATA_RETRIES=2                           #
#                          -DMAX_POLL_FAILURE_RETRIES=2 -DMAX_BCAST=9         #
#                          -DAPS_MAX_GROUPS=16 -DMAX_RTG_ENTRIES=20           #
#                          -DNWK_MAX_BINDING_ENTRIES=10                       #
#                          -DMAX_BINDING_CLUSTER_IDS=5 "-DDEFAULT_KEY={0x01,  #
#                          0x03, 0x05, 0x07, 0x09, 0x0B, 0x0D, 0x0F, 0x00,    #
#                          0x02, 0x04, 0x06, 0x08, 0x0A, 0x0C, 0x0D}"         #
#                          -DRFD_RCVC_ALWAYS_ON=FALSE -DPOLL_RATE=1000        #
#                          -DQUEUED_POLL_RATE=100 -DRESPONSE_POLL_RATE=100)   #
#                          -DREJOIN_POLL_RATE=440 "C:\Texas                   #
#                          Instruments\ZStack-1.4.3-1.2.1\Projects\zstack\Sam #
#                          ples\AXDApp\Source\AXD.c" -D CC2430DB -D           #
#                          NWK_AUTO_POLL -D REFLECTOR -D xZTOOL_P2 -D         #
#                          xMT_TASK -D xMT_ZDO_FUNC -D xLCD_SUPPORTED=DEBUG   #
#                          -D xPOWER_SAVING -lC "C:\Texas                     #
#                          Instruments\ZStack-1.4.3-1.2.1\Projects\zstack\Sam #
#                          ples\AXDApp\CC2430DB\EndDeviceDB\List\" -lA        #
#                          "C:\Texas Instruments\ZStack-1.4.3-1.2.1\Projects\ #
#                          zstack\Samples\AXDApp\CC2430DB\EndDeviceDB\List\"  #
#                          --diag_suppress Pe001,Pa010 --diag_remark pe550    #
#                          -o "C:\Texas Instruments\ZStack-1.4.3-1.2.1\Projec #
#                          ts\zstack\Samples\AXDApp\CC2430DB\EndDeviceDB\Obj\ #
#                          " -e --require_prototypes -z9 --no_code_motion     #
#                          --debug --core=plain --dptr=16,1                   #
#                          --data_model=large --code_model=banked             #
#                          --calling_convention=xdata_reentrant               #
#                          --place_constants=data --nr_virtual_regs 8 -I      #
#                          "C:\Texas Instruments\ZStack-1.4.3-1.2.1\Projects\ #
#                          zstack\Samples\AXDApp\CC2430DB\" -I "C:\Texas      #
#                          Instruments\ZStack-1.4.3-1.2.1\Projects\zstack\Sam #
#                          ples\AXDApp\CC2430DB\..\SOURCE\" -I "C:\Texas      #
#                          Instruments\ZStack-1.4.3-1.2.1\Projects\zstack\Sam #
#                          ples\AXDApp\CC2430DB\..\Drivers\" -I "C:\Texas     #
#                          Instruments\ZStack-1.4.3-1.2.1\Projects\zstack\Sam #
#                          ples\AXDApp\CC2430DB\..\..\..\ZMAIN\TI2430DB\" -I  #
#                          "C:\Texas Instruments\ZStack-1.4.3-1.2.1\Projects\ #
#                          zstack\Samples\AXDApp\CC2430DB\..\..\..\..\..\COMP #
#                          ONENTS\MT\" -I "C:\Texas                           #
#                          Instruments\ZStack-1.4.3-1.2.1\Projects\zstack\Sam #
#                          ples\AXDApp\CC2430DB\..\..\..\..\..\COMPONENTS\HAL #
#                          \INCLUDE\" -I "C:\Texas Instruments\ZStack-1.4.3-1 #
#                          .2.1\Projects\zstack\Samples\AXDApp\CC2430DB\..\.. #
#                          \..\..\..\COMPONENTS\HAL\TARGET\CC2430DB\" -I      #
#                          "C:\Texas Instruments\ZStack-1.4.3-1.2.1\Projects\ #
#                          zstack\Samples\AXDApp\CC2430DB\..\..\..\..\..\COMP #
#                          ONENTS\OSAL\MCU\CCSOC\" -I "C:\Texas               #
#                          Instruments\ZStack-1.4.3-1.2.1\Projects\zstack\Sam #
#                          ples\AXDApp\CC2430DB\..\..\..\..\..\COMPONENTS\OSA #
#                          L\INCLUDE\" -I "C:\Texas                           #
#                          Instruments\ZStack-1.4.3-1.2.1\Projects\zstack\Sam #
#                          ples\AXDApp\CC2430DB\..\..\..\..\..\COMPONENTS\STA #
#                          CK\AF\" -I "C:\Texas Instruments\ZStack-1.4.3-1.2. #
#                          1\Projects\zstack\Samples\AXDApp\CC2430DB\..\..\.. #
#                          \..\..\COMPONENTS\STACK\NWK\" -I "C:\Texas         #
#                          Instruments\ZStack-1.4.3-1.2.1\Projects\zstack\Sam #
#                          ples\AXDApp\CC2430DB\..\..\..\..\..\COMPONENTS\STA #
#                          CK\SEC\" -I "C:\Texas Instruments\ZStack-1.4.3-1.2 #
#                          .1\Projects\zstack\Samples\AXDApp\CC2430DB\..\..\. #
#                          .\..\..\COMPONENTS\STACK\SYS\" -I "C:\Texas        #
#                          Instruments\ZStack-1.4.3-1.2.1\Projects\zstack\Sam #
#                          ples\AXDApp\CC2430DB\..\..\..\..\..\COMPONENTS\STA #
#                          CK\ZDO\" -I "C:\Texas Instruments\ZStack-1.4.3-1.2 #
#                          .1\Projects\zstack\Samples\AXDApp\CC2430DB\..\..\. #
#                          .\..\..\COMPONENTS\ZMAC\F8W\" -I "C:\Texas         #
#                          Instruments\ZStack-1.4.3-1.2.1\Projects\zstack\Sam #
#                          ples\AXDApp\CC2430DB\..\..\..\..\..\COMPONENTS\ZMA #
#                          C\" -I "C:\Texas Instruments\ZStack-1.4.3-1.2.1\Pr #
#                          ojects\zstack\Samples\AXDApp\CC2430DB\..\..\..\..\ #
#                          ..\COMPONENTS\SERVICES\SADDR\" -I "C:\Texas        #
#                          Instruments\ZStack-1.4.3-1.2.1\Projects\zstack\Sam #
#                          ples\AXDApp\CC2430DB\..\..\..\..\..\COMPONENTS\SER #
#                          VICES\SDATA\" -I "C:\Texas                         #
#                          Instruments\ZStack-1.4.3-1.2.1\Projects\zstack\Sam #
#                          ples\AXDApp\CC2430DB\..\..\..\..\..\COMPONENTS\MAC #
#                          \INCLUDE\" -I "C:\Texas Instruments\ZStack-1.4.3-1 #
#                          .2.1\Projects\zstack\Samples\AXDApp\CC2430DB\..\.. #
#                          \..\..\..\COMPONENTS\MAC\HIGH_LEVEL\" -I           #
#                          "C:\Texas Instruments\ZStack-1.4.3-1.2.1\Projects\ #
#                          zstack\Samples\AXDApp\CC2430DB\..\..\..\..\..\COMP #
#                          ONENTS\MAC\LOW_LEVEL\SRF03\" -I "C:\Texas          #
#                          Instruments\ZStack-1.4.3-1.2.1\Projects\zstack\Sam #
#                          ples\AXDApp\CC2430DB\..\..\..\..\..\COMPONENTS\MAC #
#                          \LOW_LEVEL\SRF03\SINGLE_CHIP\" -I "C:\Program      #
#                          Files\IAR Systems\Embedded Workbench 4.0           #
#                          Evaluation version\8051\INC\" -I "C:\Program       #
#                          Files\IAR Systems\Embedded Workbench 4.0           #
#                          Evaluation version\8051\INC\CLIB\"                 #
#    List file          =  C:\Texas Instruments\ZStack-1.4.3-1.2.1\Projects\z #
#                          stack\Samples\AXDApp\CC2430DB\EndDeviceDB\List\AXD #
#                          .lst                                               #
#    Object file        =  C:\Texas Instruments\ZStack-1.4.3-1.2.1\Projects\z #
#                          stack\Samples\AXDApp\CC2430DB\EndDeviceDB\Obj\AXD. #
#                          r51                                                #
#                                                                             #
#                                                                             #
###############################################################################

C:\Texas Instruments\ZStack-1.4.3-1.2.1\Projects\zstack\Samples\AXDApp\Source\AXD.c
      1          /**************************************************************************************************
      2            Filename:       AXD.c
      3            Revised:        $Date: 2007-10-27 17:16:54 -0700 (Sat, 27 Oct 2007) $
      4            Revision:       $Revision: 15793 $
      5          
      6            Description:    Generic Application (no Profile).
      7          
      8          
      9            Copyright 2004-2007 Texas Instruments Incorporated. All rights reserved.
     10          
     11            IMPORTANT: Your use of this Software is limited to those specific rights
     12            granted under the terms of a software license agreement between the user
     13            who downloaded the software, his/her employer (which must be your employer)
     14            and Texas Instruments Incorporated (the "License").  You may not use this
     15            Software unless you agree to abide by the terms of the License. The License
     16            limits your use, and you acknowledge, that the Software may not be modified,
     17            copied or distributed unless embedded on a Texas Instruments microcontroller
     18            or used solely and exclusively in conjunction with a Texas Instruments radio
     19            frequency transceiver, which is integrated into your product.  Other than for
     20            the foregoing purpose, you may not use, reproduce, copy, prepare derivative
     21            works of, modify, distribute, perform, display or sell this Software and/or
     22            its documentation for any purpose.
     23          
     24            YOU FURTHER ACKNOWLEDGE AND AGREE THAT THE SOFTWARE AND DOCUMENTATION ARE
     25            PROVIDED AS IS?WITHOUT WARRANTY OF ANY KIND, EITHER EXPRESS OR IMPLIED, 
     26            INCLUDING WITHOUT LIMITATION, ANY WARRANTY OF MERCHANTABILITY, TITLE, 
     27            NON-INFRINGEMENT AND FITNESS FOR A PARTICULAR PURPOSE. IN NO EVENT SHALL
     28            TEXAS INSTRUMENTS OR ITS LICENSORS BE LIABLE OR OBLIGATED UNDER CONTRACT,
     29            NEGLIGENCE, STRICT LIABILITY, CONTRIBUTION, BREACH OF WARRANTY, OR OTHER
     30            LEGAL EQUITABLE THEORY ANY DIRECT OR INDIRECT DAMAGES OR EXPENSES
     31            INCLUDING BUT NOT LIMITED TO ANY INCIDENTAL, SPECIAL, INDIRECT, PUNITIVE
     32            OR CONSEQUENTIAL DAMAGES, LOST PROFITS OR LOST DATA, COST OF PROCUREMENT
     33            OF SUBSTITUTE GOODS, TECHNOLOGY, SERVICES, OR ANY CLAIMS BY THIRD PARTIES
     34            (INCLUDING BUT NOT LIMITED TO ANY DEFENSE THEREOF), OR OTHER SIMILAR COSTS.
     35          
     36            Should you have any questions regarding your right to use this Software,
     37            contact Texas Instruments Incorporated at www.TI.com. 
     38          **************************************************************************************************/
     39          
     40          /*********************************************************************
     41            This application isn't intended to do anything useful, it is
     42            intended to be a simple example of an application's structure.
     43          
     44            This application sends "Hello World" to another "Generic"
     45            application every 15 seconds.  The application will also
     46            receive "Hello World" packets.
     47          
     48            The "Hello World" messages are sent/received as MSG type message.
     49          
     50            This applications doesn't have a profile, so it handles everything
     51            directly - itself.
     52          
     53            Key control:
     54              SW1:
     55              SW2:  initiates end device binding
     56              SW3:
     57              SW4:  initiates a match description request
     58          *********************************************************************/
     59          
     60          /*********************************************************************
     61           * INCLUDES
     62           */
     63          #include "OSAL.h"
     64          #include "AF.h"
     65          #include "ZDApp.h"
     66          #include "ZDObject.h"
     67          #include "ZDProfile.h"
     68          
     69          #include "AXD.h"
     70          #include "DebugTrace.h"
     71          
     72          #if !defined( WIN32 )
     73            #include "OnBoard.h"
     74          #endif
     75          
     76          /* HAL */
     77          #include "hal_lcd.h"
     78          #include "hal_led.h"
     79          #include "hal_key.h"
     80          #include "hal_uart.h"
     81          
     82          /*用户自己的头文件*/
     83          #include "adxl345.h"
     84          #include "readaxd.h"
     85          
     86          /*********************************************************************
     87           * MACROS
     88           */
     89          
     90          /*********************************************************************
     91           * CONSTANTS
     92           */
     93          #define ZB_USER_EVENTS                    0x00FF
     94          
     95          /*********************************************************************
     96           * TYPEDEFS
     97           */
     98          
     99          /*********************************************************************
    100           * GLOBAL VARIABLES
    101           */
    102          
    103          // This list should be filled with Application specific Cluster IDs.

   \                                 In  segment XDATA_I, align 1, keep-with-next
    104          const cId_t AXD_ClusterList[AXD_MAX_CLUSTERS] =
   \                     AXD_ClusterList:
   \   000000                DS 2
   \   000002                REQUIRE `?<Initializer for AXD_ClusterList>`
   \   000002                REQUIRE __INIT_XDATA_I
    105          {
    106            AXD_CLUSTERID
    107          };
    108          

   \                                 In  segment XDATA_I, align 1, keep-with-next
    109          const SimpleDescriptionFormat_t AXD_SimpleDesc =
   \                     AXD_SimpleDesc:
   \   000000                DS 12
   \   00000C                REQUIRE `?<Initializer for AXD_SimpleDesc>`
   \   00000C                REQUIRE __INIT_XDATA_I
    110          {
    111            AXD_ENDPOINT,              //  int Endpoint;
    112            AXD_PROFID,                //  uint16 AppProfId[2];
    113            AXD_DEVICEID,              //  uint16 AppDeviceId[2];
    114            AXD_DEVICE_VERSION,        //  int   AppDevVer:4;
    115            AXD_FLAGS,                 //  int   AppFlags:4;
    116            AXD_MAX_CLUSTERS,          //  byte  AppNumInClusters;
    117            (cId_t *)AXD_ClusterList,  //  byte *pAppInClusterList;
    118            AXD_MAX_CLUSTERS,          //  byte  AppNumInClusters;
    119            (cId_t *)AXD_ClusterList   //  byte *pAppInClusterList;
    120          };
    121          
    122          // This is the Endpoint/Interface description.  It is defined here, but
    123          // filled-in in AXD_Init().  Another way to go would be to fill
    124          // in the structure here and make it a "const" (in code space).  The
    125          // way it's defined in this sample app it is define in RAM.

   \                                 In  segment XDATA_Z, align 1, keep-with-next
    126          endPointDesc_t AXD_epDesc;
   \                     AXD_epDesc:
   \   000000                DS 6
   \   000006                REQUIRE __INIT_XDATA_Z
    127          
    128          /*********************************************************************
    129           * EXTERNAL VARIABLES
    130           */

   \                                 In  segment XDATA_Z, align 1, keep-with-next
    131          char TEMP[8] = {0,0,0,0,0,0,0,0};
   \                     TEMP:
   \   000000                DS 8
   \   000008                REQUIRE __INIT_XDATA_Z
    132          /*********************************************************************
    133           * EXTERNAL FUNCTIONS
    134           */
    135          
    136          /*********************************************************************
    137           * LOCAL VARIABLES
    138           */

   \                                 In  segment XDATA_Z, align 1, keep-with-next
    139          byte AXD_TaskID;   // Task ID for internal task/event processing
   \                     AXD_TaskID:
   \   000000                DS 1
   \   000001                REQUIRE __INIT_XDATA_Z
    140                                    // This variable will be received when
    141                                    // AXD_Init() is called.

   \                                 In  segment XDATA_Z, align 1, keep-with-next
    142          devStates_t AXD_NwkState;
   \                     AXD_NwkState:
   \   000000                DS 1
   \   000001                REQUIRE __INIT_XDATA_Z
    143          
    144          

   \                                 In  segment XDATA_Z, align 1, keep-with-next
    145          byte AXD_TransID;  // This is the unique message ID (counter)
   \                     AXD_TransID:
   \   000000                DS 1
   \   000001                REQUIRE __INIT_XDATA_Z
    146          

   \                                 In  segment XDATA_Z, align 1, keep-with-next
    147          afAddrType_t AXD_DstAddr;
   \                     AXD_DstAddr:
   \   000000                DS 4
   \   000004                REQUIRE __INIT_XDATA_Z
    148          
    149          /*********************************************************************
    150           * LOCAL FUNCTIONS
    151           */
    152          void AXD_ProcessZDOMsgs( zdoIncomingMsg_t *inMsg );
    153          void AXD_HandleKeys( byte shift, byte keys );
    154          void AXD_MessageMSGCB( afIncomingMSGPacket_t *pckt );
    155          void AXD_SendTheMessage( void );
    156          
    157          /*********************************************************************
    158           * NETWORK LAYER CALLBACKS
    159           */
    160          
    161          /*********************************************************************
    162           * PUBLIC FUNCTIONS
    163           */
    164          
    165          /*********************************************************************
    166           * @fn      AXD_Init
    167           *
    168           * @brief   Initialization function for the Generic App Task.
    169           *          This is called during initialization and should contain
    170           *          any application specific initialization (ie. hardware
    171           *          initialization/setup, table initialization, power up
    172           *          notificaiton ... ).
    173           *
    174           * @param   task_id - the ID assigned by OSAL.  This ID should be
    175           *                    used to send messages and set timers.
    176           *
    177           * @return  none
    178           */

   \                                 In  segment BANKED_CODE, align 1, keep-with-next
    179          void AXD_Init( byte task_id )
   \                     AXD_Init:
    180          {
   \   000000   C082         PUSH    DPL
   \   000002   C083         PUSH    DPH
   \   000004                ; Saved register size: 2
   \   000004                ; Auto size: 0
    181            AXD_TaskID = task_id;
   \   000004   E9           MOV     A,R1
   \   000005   90....       MOV     DPTR,#AXD_TaskID
   \   000008   F0           MOVX    @DPTR,A
    182            AXD_NwkState = DEV_INIT;
   \   000009   7401         MOV     A,#0x1
   \   00000B   90....       MOV     DPTR,#AXD_NwkState
   \   00000E   F0           MOVX    @DPTR,A
    183            AXD_TransID = 0;
   \   00000F   E4           CLR     A
   \   000010   90....       MOV     DPTR,#AXD_TransID
   \   000013   F0           MOVX    @DPTR,A
    184          
    185            // Device hardware initialization can be added here or in main() (Zmain.c).
    186            // If the hardware is application specific - add it here.
    187            // If the hardware is other parts of the device add it in main().
    188          
    189            AXD_DstAddr.addrMode = (afAddrMode_t)AddrNotPresent;
   \   000014   90....       MOV     DPTR,#(AXD_DstAddr + 2)
   \   000017   F0           MOVX    @DPTR,A
    190            AXD_DstAddr.endPoint = 0;
   \   000018   90....       MOV     DPTR,#(AXD_DstAddr + 3)
   \   00001B   F0           MOVX    @DPTR,A
    191            AXD_DstAddr.addr.shortAddr = 0;
   \   00001C   90....       MOV     DPTR,#AXD_DstAddr
   \   00001F   F0           MOVX    @DPTR,A
   \   000020   A3           INC     DPTR
   \   000021   F0           MOVX    @DPTR,A
    192          
    193            // Fill out the endpoint description.
    194            AXD_epDesc.endPoint = AXD_ENDPOINT;
   \   000022   740A         MOV     A,#0xa
   \   000024   90....       MOV     DPTR,#AXD_epDesc
   \   000027   F0           MOVX    @DPTR,A
    195            AXD_epDesc.task_id = &AXD_TaskID;
   \   000028   90....       MOV     DPTR,#(AXD_epDesc + 1)
   \   00002B   74..         MOV     A,#(AXD_TaskID & 0xff)
   \   00002D   F0           MOVX    @DPTR,A
   \   00002E   A3           INC     DPTR
   \   00002F   74..         MOV     A,#((AXD_TaskID >> 8) & 0xff)
   \   000031   F0           MOVX    @DPTR,A
    196            AXD_epDesc.simpleDesc
    197                      = (SimpleDescriptionFormat_t *)&AXD_SimpleDesc;
   \   000032   90....       MOV     DPTR,#(AXD_epDesc + 3)
   \   000035   74..         MOV     A,#(AXD_SimpleDesc & 0xff)
   \   000037   F0           MOVX    @DPTR,A
   \   000038   A3           INC     DPTR
   \   000039   74..         MOV     A,#((AXD_SimpleDesc >> 8) & 0xff)
   \   00003B   F0           MOVX    @DPTR,A
    198            AXD_epDesc.latencyReq = noLatencyReqs;
   \   00003C   E4           CLR     A
   \   00003D   90....       MOV     DPTR,#(AXD_epDesc + 5)
   \   000040   F0           MOVX    @DPTR,A
    199          
    200            // Register the endpoint description with the AF
    201            afRegister( &AXD_epDesc );
   \   000041                ; Setup parameters for call to function afRegister
   \   000041   7A..         MOV     R2,#(AXD_epDesc & 0xff)
   \   000043   7B..         MOV     R3,#((AXD_epDesc >> 8) & 0xff)
   \   000045   12....       LCALL   ??afRegister?relay
    202          
    203            // Register for all key events - This app will handle all key events
    204            RegisterForKeys( AXD_TaskID );
   \   000048                ; Setup parameters for call to function RegisterForKeys
   \   000048   90....       MOV     DPTR,#AXD_TaskID
   \   00004B   E0           MOVX    A,@DPTR
   \   00004C   F9           MOV     R1,A
   \   00004D   12....       LCALL   ??RegisterForKeys?relay
    205          
    206            // Update the display
    207          #if defined ( LCD_SUPPORTED )
    208              HalLcdWriteString( "AXD", HAL_LCD_LINE_1 );
    209          #endif
    210          
    211            ZDO_RegisterForZDOMsg( AXD_TaskID, End_Device_Bind_rsp );
   \   000050                ; Setup parameters for call to function ZDO_RegisterForZDOMsg
   \   000050   7A20         MOV     R2,#0x20
   \   000052   7B80         MOV     R3,#-0x80
   \   000054   90....       MOV     DPTR,#AXD_TaskID
   \   000057   E0           MOVX    A,@DPTR
   \   000058   F9           MOV     R1,A
   \   000059   12....       LCALL   ??ZDO_RegisterForZDOMsg?relay
    212            ZDO_RegisterForZDOMsg( AXD_TaskID, Match_Desc_rsp );
   \   00005C                ; Setup parameters for call to function ZDO_RegisterForZDOMsg
   \   00005C   7A06         MOV     R2,#0x6
   \   00005E   7B80         MOV     R3,#-0x80
   \   000060   90....       MOV     DPTR,#AXD_TaskID
   \   000063   E0           MOVX    A,@DPTR
   \   000064   F9           MOV     R1,A
   \   000065   12....       LCALL   ??ZDO_RegisterForZDOMsg?relay
    213            
    214            //下面是用户自定义的初始化
    215            Init_ADXL345();
   \   000068                ; Setup parameters for call to function Init_ADXL345
   \   000068   12....       LCALL   ??Init_ADXL345?relay
    216          }
   \   00006B   D083         POP     DPH
   \   00006D   D082         POP     DPL
   \   00006F   02....       LJMP    ?BRET
    217          
    218          /*********************************************************************
    219           * @fn      AXD_ProcessEvent
    220           *
    221           * @brief   Generic Application Task event processor.  This function
    222           *          is called to process all events for the task.  Events
    223           *          include timers, messages and any other user defined events.
    224           *
    225           * @param   task_id  - The OSAL assigned task ID.
    226           * @param   events - events to process.  This is a bit map and can
    227           *                   contain more than one event.
    228           *
    229           * @return  none
    230           */

   \                                 In  segment BANKED_CODE, align 1, keep-with-next
    231          UINT16 AXD_ProcessEvent( byte task_id, UINT16 events )
   \                     AXD_ProcessEvent:
    232          {
   \   000000   74F4         MOV     A,#-0xc
   \   000002   12....       LCALL   ?BANKED_ENTER_XDATA
   \   000005                ; Saved register size: 12
   \   000005                ; Auto size: 0
   \   000005   EA           MOV     A,R2
   \   000006   FE           MOV     R6,A
   \   000007   EB           MOV     A,R3
   \   000008   FF           MOV     R7,A
    233            afIncomingMSGPacket_t *MSGpkt;
    234          //  osal_event_hdr_t *pMsg;
    235            afDataConfirm_t *afDataConfirm;
    236          
    237            // Data Confirmation message fields
    238            byte sentEP;
    239            ZStatus_t sentStatus;
    240            byte sentTransID;       // This should match the value sent
    241          
    242            if ( events & SYS_EVENT_MSG )
   \   000009   7480         MOV     A,#-0x80
   \   00000B   5F           ANL     A,R7
   \   00000C   F9           MOV     R1,A
   \   00000D   E4           CLR     A
   \   00000E   7001         JNZ     ??AXD_ProcessEvent_0
   \   000010   E9           MOV     A,R1
   \                     ??AXD_ProcessEvent_0:
   \   000011   7003         JNZ     $+5
   \   000013   02....       LJMP    ??AXD_ProcessEvent_1 & 0xFFFF
    243            {
    244              MSGpkt = (afIncomingMSGPacket_t *)osal_msg_receive( AXD_TaskID );
   \   000016                ; Setup parameters for call to function osal_msg_receive
   \   000016   8031         SJMP    ??AXD_ProcessEvent_2
    245              while ( MSGpkt )
    246              {
    247                switch ( MSGpkt->hdr.event )
    248                {
    249                  case ZDO_CB_MSG:
    250                    AXD_ProcessZDOMsgs( (zdoIncomingMsg_t *)MSGpkt );
    251                    break;
    252          
    253                  case KEY_CHANGE:
    254                    AXD_HandleKeys( ((keyChange_t *)MSGpkt)->state, ((keyChange_t *)MSGpkt)->keys );
    255                    break;
    256          
    257                  case AF_DATA_CONFIRM_CMD:
    258                    // This message is received as a confirmation of a data packet sent.
    259                    // The status is of ZStatus_t type [defined in ZComDef.h]
    260                    // The message fields are defined in AF.h
    261                    afDataConfirm = (afDataConfirm_t *)MSGpkt;
    262                    sentEP = afDataConfirm->endpoint;
    263                    sentStatus = afDataConfirm->hdr.status;
    264                    sentTransID = afDataConfirm->transID;
    265                    (void)sentEP;
    266                    (void)sentTransID;
    267          
    268                    // Action taken when confirmation is received.
    269                    if ( sentStatus != ZSuccess )
    270                    {
    271                      // The data wasn't delivered -- Do something
    272                    }
    273                    break;
    274          
    275                  case AF_INCOMING_MSG_CMD:
    276              //      MSGpkt = (afIncomingMSGPacket_t *) pMsg;
    277          #ifdef AXD_COR
    278                    AXD_ReceiveDataIndication( MSGpkt->srcAddr.addr.shortAddr, MSGpkt->clusterId,
    279                                              MSGpkt->cmd.DataLength, MSGpkt->cmd.Data);
    280                    //AXD_MessageMSGCB( MSGpkt );
    281          #endif
    282                    break;
    283          
    284                  case ZDO_STATE_CHANGE:
    285                    AXD_NwkState = (devStates_t)(MSGpkt->hdr.status);
   \                     ??AXD_ProcessEvent_3:
   \   000018   85..82       MOV     DPL,?V0 + 0
   \   00001B   85..83       MOV     DPH,?V0 + 1
   \   00001E   A3           INC     DPTR
   \   00001F   E0           MOVX    A,@DPTR
   \   000020   90....       MOV     DPTR,#AXD_NwkState
   \   000023   F0           MOVX    @DPTR,A
    286                    if ( (AXD_NwkState == DEV_ZB_COORD)
    287                        || (AXD_NwkState == DEV_ROUTER)
    288                        || (AXD_NwkState == DEV_END_DEVICE) )
   \   000024   6409         XRL     A,#0x9
   \   000026   600A         JZ      ??AXD_ProcessEvent_4
   \   000028   E0           MOVX    A,@DPTR
   \   000029   6407         XRL     A,#0x7
   \   00002B   6005         JZ      ??AXD_ProcessEvent_4
   \   00002D   E0           MOVX    A,@DPTR
   \   00002E   6406         XRL     A,#0x6
   \   000030   7010         JNZ     ??AXD_ProcessEvent_5
    289                    {
    290                      // Start sending "the" message in a regular interval.
    291                      osal_start_timerEx( AXD_TaskID,
    292                                          AXD_SEND_MSG_EVT,
    293                                          AXD_SEND_MSG_TIMEOUT );
   \                     ??AXD_ProcessEvent_4:
   \   000032                ; Setup parameters for call to function osal_start_timerEx
   \   000032   7C88         MOV     R4,#-0x78
   \   000034   7D13         MOV     R5,#0x13
   \   000036   7A01         MOV     R2,#0x1
   \   000038   7B00         MOV     R3,#0x0
   \   00003A   90....       MOV     DPTR,#AXD_TaskID
   \   00003D   E0           MOVX    A,@DPTR
   \   00003E   F9           MOV     R1,A
   \   00003F   12....       LCALL   ??osal_start_timerEx?relay
    294                    }
    295                    break;
    296          
    297                  default:
    298                    break;
    299                }
    300          
    301                // Release the memory
    302                osal_msg_deallocate( (uint8 *)MSGpkt );
   \                     ??AXD_ProcessEvent_5:
   \   000042                ; Setup parameters for call to function osal_msg_deallocate
   \   000042   AA..         MOV     R2,?V0 + 0
   \   000044   AB..         MOV     R3,?V0 + 1
   \   000046   12....       LCALL   ??osal_msg_deallocate?relay
    303          
    304                // Next
    305                MSGpkt = (afIncomingMSGPacket_t *)osal_msg_receive( AXD_TaskID );
   \   000049                ; Setup parameters for call to function osal_msg_receive
   \                     ??AXD_ProcessEvent_2:
   \   000049   90....       MOV     DPTR,#AXD_TaskID
   \   00004C   E0           MOVX    A,@DPTR
   \   00004D   F9           MOV     R1,A
   \   00004E   12....       LCALL   ??osal_msg_receive?relay
   \   000051   8A..         MOV     ?V0 + 0,R2
   \   000053   8B..         MOV     ?V0 + 1,R3
   \   000055   E5..         MOV     A,?V0 + 0
   \   000057   7002         JNZ     ??AXD_ProcessEvent_6
   \   000059   E5..         MOV     A,?V0 + 1
   \                     ??AXD_ProcessEvent_6:
   \   00005B   603A         JZ      ??AXD_ProcessEvent_7
   \   00005D   85..82       MOV     DPL,?V0 + 0
   \   000060   85..83       MOV     DPH,?V0 + 1
   \   000063   E0           MOVX    A,@DPTR
   \   000064   12....       LCALL   ?UC_SWITCH_SPARSE
   \                     `?<Jumptable for AXD_ProcessEvent>_0`:
   \   000067   00           DB        0
   \   000068   03           DB        3
   \   000069   C0           DB        192
   \   00006A   ....         DW        ??AXD_ProcessEvent_8
   \   00006C   D1           DB        209
   \   00006D   ....         DW        ??AXD_ProcessEvent_3
   \   00006F   D3           DB        211
   \   000070   ....         DW        ??AXD_ProcessEvent_9
   \   000072   ....         DW        ??AXD_ProcessEvent_5
   \                     ??AXD_ProcessEvent_9:
   \   000074                ; Setup parameters for call to function AXD_ProcessZDOMsgs
   \   000074   AA..         MOV     R2,?V0 + 0
   \   000076   AB..         MOV     R3,?V0 + 1
   \   000078   12....       LCALL   ??AXD_ProcessZDOMsgs?relay
   \   00007B   80C5         SJMP    ??AXD_ProcessEvent_5
   \                     ??AXD_ProcessEvent_8:
   \   00007D                ; Setup parameters for call to function AXD_HandleKeys
   \   00007D   85..82       MOV     DPL,?V0 + 0
   \   000080   85..83       MOV     DPH,?V0 + 1
   \   000083   A3           INC     DPTR
   \   000084   A3           INC     DPTR
   \   000085   A3           INC     DPTR
   \   000086   E0           MOVX    A,@DPTR
   \   000087   FA           MOV     R2,A
   \   000088   85..82       MOV     DPL,?V0 + 0
   \   00008B   85..83       MOV     DPH,?V0 + 1
   \   00008E   A3           INC     DPTR
   \   00008F   A3           INC     DPTR
   \   000090   E0           MOVX    A,@DPTR
   \   000091   F9           MOV     R1,A
   \   000092   12....       LCALL   ??AXD_HandleKeys?relay
   \   000095   80AB         SJMP    ??AXD_ProcessEvent_5
    306              }
    307          
    308              // return unprocessed events
    309              return (events ^ SYS_EVENT_MSG);
   \                     ??AXD_ProcessEvent_7:
   \   000097   EE           MOV     A,R6
   \   000098   FA           MOV     R2,A
   \   000099   7480         MOV     A,#-0x80
   \   00009B   6F           XRL     A,R7
   \                     ??AXD_ProcessEvent_10:
   \   00009C   FB           MOV     R3,A
   \   00009D   8028         SJMP    ??AXD_ProcessEvent_11
    310            }
    311          
    312            // Send a message out - This event is generated by a timer
    313            //  (setup in AXD_Init()).
    314            if ( events & AXD_SEND_MSG_EVT )
   \                     ??AXD_ProcessEvent_1:
   \   00009F   EE           MOV     A,R6
   \   0000A0   A2E0         MOV     C,0xE0 /* A   */.0
   \   0000A2   501A         JNC     ??AXD_ProcessEvent_12
    315            {
    316              // Send "the" message
    317            //  HalLcdWriteString( "SampleApp", HAL_LCD_LINE_1 );
    318              zb_HandleOsalEvent(events);
   \   0000A4                ; Setup parameters for call to function zb_HandleOsalEvent
   \   0000A4   12....       LCALL   ??zb_HandleOsalEvent?relay
    319              AXD_SendTheMessage();
    320          
    321              // Setup to send message again
    322              osal_start_timerEx( AXD_TaskID,
    323                                  AXD_SEND_MSG_EVT,
    324                                  AXD_SEND_MSG_TIMEOUT );
   \   0000A7                ; Setup parameters for call to function osal_start_timerEx
   \   0000A7   7C88         MOV     R4,#-0x78
   \   0000A9   7D13         MOV     R5,#0x13
   \   0000AB   7A01         MOV     R2,#0x1
   \   0000AD   7B00         MOV     R3,#0x0
   \   0000AF   90....       MOV     DPTR,#AXD_TaskID
   \   0000B2   E0           MOVX    A,@DPTR
   \   0000B3   F9           MOV     R1,A
   \   0000B4   12....       LCALL   ??osal_start_timerEx?relay
    325          
    326              // return unprocessed events
    327              return (events ^ AXD_SEND_MSG_EVT);
   \   0000B7   7401         MOV     A,#0x1
   \   0000B9   6E           XRL     A,R6
   \   0000BA   FA           MOV     R2,A
   \   0000BB   EF           MOV     A,R7
   \   0000BC   80DE         SJMP    ??AXD_ProcessEvent_10
    328            }
    329              if ( events & ( ZB_USER_EVENTS ) )
   \                     ??AXD_ProcessEvent_12:
   \   0000BE   6003         JZ      ??AXD_ProcessEvent_13
    330            {
    331              // User events are passed to the application
    332              zb_HandleOsalEvent( events );
   \   0000C0                ; Setup parameters for call to function zb_HandleOsalEvent
   \   0000C0   12....       LCALL   ??zb_HandleOsalEvent?relay
    333          
    334              // Do not return here, return 0 later
    335            }
    336          
    337            // Discard unknown events
    338            return 0;
   \                     ??AXD_ProcessEvent_13:
   \   0000C3   7A00         MOV     R2,#0x0
   \   0000C5   7B00         MOV     R3,#0x0
   \                     ??AXD_ProcessEvent_11:
   \   0000C7                REQUIRE ?Subroutine3
   \   0000C7                ; // Fall through to label ?Subroutine3
    339          }

   \                                 In  segment BANKED_CODE, align 1, keep-with-next
   \                     ?Subroutine3:
   \   000000   7F04         MOV     R7,#0x4
   \   000002   02....       LJMP    ?BANKED_LEAVE_XDATA
    340          
    341          /*********************************************************************
    342           * Event Generation Functions
    343           */
    344          /*********************************************************************
    345           * @fn      AXD_ProcessZDOMsgs()
    346           *
    347           * @brief   Process response messages
    348           *
    349           * @param   none
    350           *
    351           * @return  none
    352           */

   \                                 In  segment BANKED_CODE, align 1, keep-with-next
    353          void AXD_ProcessZDOMsgs( zdoIncomingMsg_t *inMsg )
   \                     AXD_ProcessZDOMsgs:
    354          {
   \   000000   74F6         MOV     A,#-0xa
   \   000002   12....       LCALL   ?BANKED_ENTER_XDATA
   \   000005                ; Saved register size: 10
   \   000005                ; Auto size: 0
    355            switch ( inMsg->clusterID )
   \   000005   EA           MOV     A,R2
   \   000006   240C         ADD     A,#0xc
   \   000008   F582         MOV     DPL,A
   \   00000A   EB           MOV     A,R3
   \   00000B   3400         ADDC    A,#0x0
   \   00000D   F583         MOV     DPH,A
   \   00000F   E0           MOVX    A,@DPTR
   \   000010   F5..         MOV     ?V0 + 0,A
   \   000012   A3           INC     DPTR
   \   000013   E0           MOVX    A,@DPTR
   \   000014   F5..         MOV     ?V0 + 1,A
   \   000016   78..         MOV     R0,#?V0 + 0
   \   000018   12....       LCALL   ?US_SWITCH_SPARSE
   \                     `?<Jumptable for AXD_ProcessZDOMsgs>_0`:
   \   00001B   0000         DW        0
   \   00001D   0200         DW        2
   \   00001F   0680         DW        32774
   \   000021   ....         DW        ??AXD_ProcessZDOMsgs_0
   \   000023   2080         DW        32800
   \   000025   ....         DW        ??AXD_ProcessZDOMsgs_1
   \   000027   ....         DW        ??AXD_ProcessZDOMsgs_2
    356            {
    357              case End_Device_Bind_rsp:
    358                if ( ZDO_ParseBindRsp( inMsg ) == ZSuccess )
   \                     ??AXD_ProcessZDOMsgs_1:
   \   000029   EA           MOV     A,R2
   \   00002A   2411         ADD     A,#0x11
   \   00002C   F582         MOV     DPL,A
   \   00002E   EB           MOV     A,R3
   \   00002F   3400         ADDC    A,#0x0
   \   000031   F583         MOV     DPH,A
   \   000033   E0           MOVX    A,@DPTR
   \   000034   F8           MOV     R0,A
   \   000035   A3           INC     DPTR
   \   000036   E0           MOVX    A,@DPTR
   \   000037   F583         MOV     DPH,A
   \   000039   8882         MOV     DPL,R0
   \   00003B   E0           MOVX    A,@DPTR
   \   00003C   7009         JNZ     ??AXD_ProcessZDOMsgs_3
    359                {
    360                  // Light LED
    361                  HalLedSet( HAL_LED_4, HAL_LED_MODE_ON );
   \   00003E                ; Setup parameters for call to function HalLedSet
   \   00003E   7A01         MOV     R2,#0x1
   \                     ??AXD_ProcessZDOMsgs_4:
   \   000040   7908         MOV     R1,#0x8
   \   000042   12....       LCALL   ??HalLedSet?relay
   \   000045   8055         SJMP    ??AXD_ProcessZDOMsgs_2
    362                }
    363          #if defined(BLINK_LEDS)
    364                else
    365                {
    366                  // Flash LED to show failure
    367                  HalLedSet ( HAL_LED_4, HAL_LED_MODE_FLASH );
   \                     ??AXD_ProcessZDOMsgs_3:
   \   000047                ; Setup parameters for call to function HalLedSet
   \   000047   7A04         MOV     R2,#0x4
   \   000049   80F5         SJMP    ??AXD_ProcessZDOMsgs_4
    368                }
    369          #endif
    370                break;
    371          
    372              case Match_Desc_rsp:
    373                {
    374                  ZDO_ActiveEndpointRsp_t *pRsp = ZDO_ParseEPListRsp( inMsg );
   \                     ??AXD_ProcessZDOMsgs_0:
   \   00004B                ; Setup parameters for call to function ZDO_ParseEPListRsp
   \   00004B   12....       LCALL   ??ZDO_ParseEPListRsp?relay
   \   00004E   8A..         MOV     ?V0 + 0,R2
   \   000050   8B..         MOV     ?V0 + 1,R3
   \   000052   AE..         MOV     R6,?V0 + 0
   \   000054   AF..         MOV     R7,?V0 + 1
    375                  if ( pRsp )
   \   000056   EE           MOV     A,R6
   \   000057   7001         JNZ     ??AXD_ProcessZDOMsgs_5
   \   000059   EF           MOV     A,R7
   \                     ??AXD_ProcessZDOMsgs_5:
   \   00005A   6040         JZ      ??AXD_ProcessZDOMsgs_2
    376                  {
    377                    if ( pRsp->status == ZSuccess && pRsp->cnt )
   \   00005C   8E82         MOV     DPL,R6
   \   00005E   8F83         MOV     DPH,R7
   \   000060   E0           MOVX    A,@DPTR
   \   000061   7032         JNZ     ??AXD_ProcessZDOMsgs_6
   \   000063   A3           INC     DPTR
   \   000064   A3           INC     DPTR
   \   000065   A3           INC     DPTR
   \   000066   E0           MOVX    A,@DPTR
   \   000067   602C         JZ      ??AXD_ProcessZDOMsgs_6
    378                    {
    379                      AXD_DstAddr.addrMode = (afAddrMode_t)Addr16Bit;
   \   000069   7402         MOV     A,#0x2
   \   00006B   90....       MOV     DPTR,#(AXD_DstAddr + 2)
   \   00006E   F0           MOVX    @DPTR,A
    380                      AXD_DstAddr.addr.shortAddr = pRsp->nwkAddr;
   \   00006F   8E82         MOV     DPL,R6
   \   000071   8F83         MOV     DPH,R7
   \   000073   A3           INC     DPTR
   \   000074   E0           MOVX    A,@DPTR
   \   000075   F8           MOV     R0,A
   \   000076   A3           INC     DPTR
   \   000077   E0           MOVX    A,@DPTR
   \   000078   F9           MOV     R1,A
   \   000079   90....       MOV     DPTR,#AXD_DstAddr
   \   00007C   E8           MOV     A,R0
   \   00007D   F0           MOVX    @DPTR,A
   \   00007E   A3           INC     DPTR
   \   00007F   E9           MOV     A,R1
   \   000080   F0           MOVX    @DPTR,A
    381                      // Take the first endpoint, Can be changed to search through endpoints
    382                      AXD_DstAddr.endPoint = pRsp->epList[0];
   \   000081   8E82         MOV     DPL,R6
   \   000083   8F83         MOV     DPH,R7
   \   000085   A3           INC     DPTR
   \   000086   A3           INC     DPTR
   \   000087   A3           INC     DPTR
   \   000088   A3           INC     DPTR
   \   000089   E0           MOVX    A,@DPTR
   \   00008A   90....       MOV     DPTR,#(AXD_DstAddr + 3)
   \   00008D   F0           MOVX    @DPTR,A
    383          
    384                      // Light LED
    385                      HalLedSet( HAL_LED_4, HAL_LED_MODE_ON );
   \   00008E                ; Setup parameters for call to function HalLedSet
   \   00008E   7A01         MOV     R2,#0x1
   \   000090   7908         MOV     R1,#0x8
   \   000092   12....       LCALL   ??HalLedSet?relay
    386                    }
    387                    osal_mem_free( pRsp );
   \                     ??AXD_ProcessZDOMsgs_6:
   \   000095                ; Setup parameters for call to function osal_mem_free
   \   000095   EE           MOV     A,R6
   \   000096   FA           MOV     R2,A
   \   000097   EF           MOV     A,R7
   \   000098   FB           MOV     R3,A
   \   000099   12....       LCALL   ??osal_mem_free?relay
    388                  }
    389                }
    390                break;
    391            }
    392          }
   \                     ??AXD_ProcessZDOMsgs_2:
   \   00009C                REQUIRE ?Subroutine4
   \   00009C                ; // Fall through to label ?Subroutine4

   \                                 In  segment BANKED_CODE, align 1, keep-with-next
   \                     ?Subroutine4:
   \   000000   7F02         MOV     R7,#0x2
   \   000002   02....       LJMP    ?BANKED_LEAVE_XDATA
    393          
    394          /*********************************************************************
    395           * @fn      AXD_HandleKeys
    396           *
    397           * @brief   Handles all key events for this device.
    398           *
    399           * @param   shift - true if in shift/alt.
    400           * @param   keys - bit field for key events. Valid entries:
    401           *                 HAL_KEY_SW_4
    402           *                 HAL_KEY_SW_3
    403           *                 HAL_KEY_SW_2
    404           *                 HAL_KEY_SW_1
    405           *
    406           * @return  none
    407           */

   \                                 In  segment BANKED_CODE, align 1, keep-with-next
    408          void AXD_HandleKeys( byte shift, byte keys )
   \                     AXD_HandleKeys:
    409          {
   \   000000   74F6         MOV     A,#-0xa
   \   000002   12....       LCALL   ?BANKED_ENTER_XDATA
   \   000005                ; Saved register size: 10
   \   000005                ; Auto size: 9
   \   000005   74F7         MOV     A,#-0x9
   \   000007   12....       LCALL   ?ALLOC_XSTACK8
   \   00000A   EA           MOV     A,R2
   \   00000B   FE           MOV     R6,A
    410            zAddrType_t dstAddr;
    411          
    412            // Shift is used to make each button/switch dual purpose.
    413            if ( shift )
   \   00000C   E9           MOV     A,R1
   \   00000D   6003         JZ      $+5
   \   00000F   02....       LJMP    ??AXD_HandleKeys_0 & 0xFFFF
    414            {
    415              if ( keys & HAL_KEY_SW_1 )
    416              {
    417              }
    418              if ( keys & HAL_KEY_SW_2 )
    419              {
    420              }
    421              if ( keys & HAL_KEY_SW_3 )
    422              {
    423              }
    424              if ( keys & HAL_KEY_SW_4 )
    425              {
    426              }
    427            }
    428            else
    429            {
    430              if ( keys & HAL_KEY_SW_1 )
    431              {
    432              }
    433          
    434              if ( keys & HAL_KEY_SW_2 )
   \   000012   EE           MOV     A,R6
   \   000013   A2E1         MOV     C,0xE0 /* A   */.1
   \   000015   5070         JNC     ??AXD_HandleKeys_1
    435              {
    436                HalLedSet ( HAL_LED_4, HAL_LED_MODE_OFF );
   \   000017                ; Setup parameters for call to function HalLedSet
   \   000017   7A00         MOV     R2,#0x0
   \   000019   7908         MOV     R1,#0x8
   \   00001B   12....       LCALL   ??HalLedSet?relay
    437          
    438                // Initiate an End Device Bind Request for the mandatory endpoint
    439                dstAddr.addrMode = Addr16Bit;
   \   00001E   7408         MOV     A,#0x8
   \   000020   12....       LCALL   ?XSTACK_DISP0_8
   \   000023   7402         MOV     A,#0x2
   \   000025   F0           MOVX    @DPTR,A
    440                dstAddr.addr.shortAddr = 0x0000; // Coordinator
   \   000026   85..82       MOV     DPL,?XSP + 0
   \   000029   85..83       MOV     DPH,?XSP + 1
   \   00002C   E4           CLR     A
   \   00002D   F0           MOVX    @DPTR,A
   \   00002E   A3           INC     DPTR
   \   00002F   F0           MOVX    @DPTR,A
    441                ZDP_EndDeviceBindReq( &dstAddr, NLME_GetShortAddr(),
    442                                      AXD_epDesc.endPoint,
    443                                      AXD_PROFID,
    444                                      AXD_MAX_CLUSTERS, (cId_t *)AXD_ClusterList,
    445                                      AXD_MAX_CLUSTERS, (cId_t *)AXD_ClusterList,
    446                                      FALSE );
   \   000030                ; Setup parameters for call to function NLME_GetShortAddr
   \   000030   12....       LCALL   ??NLME_GetShortAddr?relay
   \   000033   8A..         MOV     ?V0 + 0,R2
   \   000035   8B..         MOV     ?V0 + 1,R3
   \   000037   AC..         MOV     R4,?V0 + 0
   \   000039   AD..         MOV     R5,?V0 + 1
   \   00003B                ; Setup parameters for call to function ZDP_EndDeviceBindReq
   \   00003B   75..00       MOV     ?V0 + 0,#0x0
   \   00003E   78..         MOV     R0,#?V0 + 0
   \   000040   12....       LCALL   ?PUSH_XSTACK_I_ONE
   \   000043   75....       MOV     ?V0 + 0,#(AXD_ClusterList & 0xff)
   \   000046   75....       MOV     ?V0 + 1,#((AXD_ClusterList >> 8) & 0xff)
   \   000049   78..         MOV     R0,#?V0 + 0
   \   00004B   12....       LCALL   ?PUSH_XSTACK_I_TWO
   \   00004E   75..01       MOV     ?V0 + 0,#0x1
   \   000051   78..         MOV     R0,#?V0 + 0
   \   000053   12....       LCALL   ?PUSH_XSTACK_I_ONE
   \   000056   75....       MOV     ?V0 + 0,#(AXD_ClusterList & 0xff)
   \   000059   78..         MOV     R0,#?V0 + 0
   \   00005B   12....       LCALL   ?PUSH_XSTACK_I_TWO
   \   00005E   75..01       MOV     ?V0 + 0,#0x1
   \   000061   78..         MOV     R0,#?V0 + 0
   \   000063   12....       LCALL   ?PUSH_XSTACK_I_ONE
   \   000066   75..04       MOV     ?V0 + 0,#0x4
   \   000069   75..0F       MOV     ?V0 + 1,#0xf
   \   00006C   78..         MOV     R0,#?V0 + 0
   \   00006E   12....       LCALL   ?PUSH_XSTACK_I_TWO
   \   000071   90....       MOV     DPTR,#AXD_epDesc
   \   000074   E0           MOVX    A,@DPTR
   \   000075   F9           MOV     R1,A
   \   000076   7409         MOV     A,#0x9
   \   000078   12....       LCALL   ?XSTACK_DISP0_8
   \   00007B   AA82         MOV     R2,DPL
   \   00007D   AB83         MOV     R3,DPH
   \   00007F   12....       LCALL   ??ZDP_EndDeviceBindReq?relay
   \   000082   7409         MOV     A,#0x9
   \   000084   12....       LCALL   ?DEALLOC_XSTACK8
    447              }
    448          
    449              if ( keys & HAL_KEY_SW_3 )
    450              {
    451              }
    452          
    453              if ( keys & HAL_KEY_SW_4 )
   \                     ??AXD_HandleKeys_1:
   \   000087   EE           MOV     A,R6
   \   000088   A2E3         MOV     C,0xE0 /* A   */.3
   \   00008A   505F         JNC     ??AXD_HandleKeys_0
    454              {
    455                HalLedSet ( HAL_LED_4, HAL_LED_MODE_OFF );
   \   00008C                ; Setup parameters for call to function HalLedSet
   \   00008C   7A00         MOV     R2,#0x0
   \   00008E   7908         MOV     R1,#0x8
   \   000090   12....       LCALL   ??HalLedSet?relay
    456          
    457                // Initiate a Match Description Request (Service Discovery)
    458                dstAddr.addrMode = AddrBroadcast;
   \   000093   7408         MOV     A,#0x8
   \   000095   12....       LCALL   ?XSTACK_DISP0_8
   \   000098   740F         MOV     A,#0xf
   \   00009A   F0           MOVX    @DPTR,A
    459                dstAddr.addr.shortAddr = NWK_BROADCAST_SHORTADDR;
   \   00009B   85..82       MOV     DPL,?XSP + 0
   \   00009E   85..83       MOV     DPH,?XSP + 1
   \   0000A1   74FF         MOV     A,#-0x1
   \   0000A3   F0           MOVX    @DPTR,A
   \   0000A4   A3           INC     DPTR
   \   0000A5   F0           MOVX    @DPTR,A
    460                ZDP_MatchDescReq( &dstAddr, NWK_BROADCAST_SHORTADDR,
    461                                  AXD_PROFID,
    462                                  AXD_MAX_CLUSTERS, (cId_t *)AXD_ClusterList,
    463                                  AXD_MAX_CLUSTERS, (cId_t *)AXD_ClusterList,
    464                                  FALSE );
   \   0000A6                ; Setup parameters for call to function ZDP_MatchDescReq
   \   0000A6   75..00       MOV     ?V0 + 0,#0x0
   \   0000A9   78..         MOV     R0,#?V0 + 0
   \   0000AB   12....       LCALL   ?PUSH_XSTACK_I_ONE
   \   0000AE   75....       MOV     ?V0 + 0,#(AXD_ClusterList & 0xff)
   \   0000B1   75....       MOV     ?V0 + 1,#((AXD_ClusterList >> 8) & 0xff)
   \   0000B4   78..         MOV     R0,#?V0 + 0
   \   0000B6   12....       LCALL   ?PUSH_XSTACK_I_TWO
   \   0000B9   75..01       MOV     ?V0 + 0,#0x1
   \   0000BC   78..         MOV     R0,#?V0 + 0
   \   0000BE   12....       LCALL   ?PUSH_XSTACK_I_ONE
   \   0000C1   75....       MOV     ?V0 + 0,#(AXD_ClusterList & 0xff)
   \   0000C4   78..         MOV     R0,#?V0 + 0
   \   0000C6   12....       LCALL   ?PUSH_XSTACK_I_TWO
   \   0000C9   75..04       MOV     ?V0 + 0,#0x4
   \   0000CC   75..0F       MOV     ?V0 + 1,#0xf
   \   0000CF   78..         MOV     R0,#?V0 + 0
   \   0000D1   12....       LCALL   ?PUSH_XSTACK_I_TWO
   \   0000D4   7901         MOV     R1,#0x1
   \   0000D6   7CFF         MOV     R4,#-0x1
   \   0000D8   7DFF         MOV     R5,#-0x1
   \   0000DA   7408         MOV     A,#0x8
   \   0000DC   12....       LCALL   ?XSTACK_DISP0_8
   \   0000DF   AA82         MOV     R2,DPL
   \   0000E1   AB83         MOV     R3,DPH
   \   0000E3   12....       LCALL   ??ZDP_MatchDescReq?relay
   \   0000E6   7408         MOV     A,#0x8
   \   0000E8   12....       LCALL   ?DEALLOC_XSTACK8
    465              }
    466            }
    467          }
   \                     ??AXD_HandleKeys_0:
   \   0000EB   7409         MOV     A,#0x9
   \   0000ED   12....       LCALL   ?DEALLOC_XSTACK8
   \   0000F0   02....       LJMP    ?Subroutine4 & 0xFFFF
    468          
    469          /*********************************************************************
    470           * LOCAL FUNCTIONS
    471           */
    472          
    473          /*********************************************************************
    474           * @fn      AXD_MessageMSGCB
    475           *
    476           * @brief   Data message processor callback.  This function processes
    477           *          any incoming data - probably from other devices.  So, based
    478           *          on cluster ID, perform the intended action.
    479           *
    480           * @param   none
    481           *
    482           * @return  none
    483           */

   \                                 In  segment BANKED_CODE, align 1, keep-with-next
    484          void AXD_MessageMSGCB( afIncomingMSGPacket_t *pkt )
   \                     AXD_MessageMSGCB:
    485          {
   \   000000                ; Saved register size: 0
   \   000000                ; Auto size: 0
    486            switch ( pkt->clusterId )
    487            {
    488              case AXD_CLUSTERID:
    489                // "the" message
    490          #if defined( LCD_SUPPORTED )
    491                HalLcdWriteScreen( (char*)pkt->cmd.Data, "rcvd" );
    492          #elif defined( WIN32 )
    493                WPRINTSTR( pkt->cmd.Data );
    494          #endif
    495                break;
    496            }
    497          }
   \   000000   02....       LJMP    ?BRET
    498          
    499          /*********************************************************************
    500           * @fn      AXD_SendTheMessage
    501           *
    502           * @brief   Send "the" message.
    503           *
    504           * @param   none
    505           *
    506           * @return  none
    507           */

   \                                 In  segment BANKED_CODE, align 1, keep-with-next
    508          void AXD_SendTheMessage( void )
   \                     AXD_SendTheMessage:
    509          {
   \   000000                ; Saved register size: 0
   \   000000                ; Auto size: 0
    510          //  char theMessageData[] = "Hello World";
    511          #ifdef AXD_END
    512            int i;
    513          
    514            for(i=0;i<8;i++)
    515            {
    516              TEMP[i]++;
    517            }
    518          //  TEMP = Multiple_Read_ADXL345();
    519          
    520            if ( AF_DataRequest( &AXD_DstAddr, &AXD_epDesc,
    521                                 AXD_CLUSTERID,
    522                                 (byte)osal_strlen( TEMP ) + 1,
    523                                 (byte *)(TEMP),
    524                                 &AXD_TransID,
    525                                 AF_DISCV_ROUTE, AF_DEFAULT_RADIUS ) == afStatus_SUCCESS )
    526            {
    527              // Successfully requested to be sent.
    528            }
    529            else
    530            {
    531              // Error occurred in request to send.
    532            }
    533          #endif
    534          }
   \   000000   02....       LJMP    ?BRET
    535          
    536          /*********************************************************************
    537          *********************************************************************/

   \                                 In  segment BANKED_CODE, align 1, keep-with-next
    538          void AXD_ReceiveDataIndication( uint16 source, uint16 command, uint16 len, uint8 *pData  )
   \                     AXD_ReceiveDataIndication:
    539          {
   \   000000   74F4         MOV     A,#-0xc
   \   000002   12....       LCALL   ?BANKED_ENTER_XDATA
   \   000005                ; Saved register size: 12
   \   000005                ; Auto size: 0
   \   000005   740C         MOV     A,#0xc
   \   000007   12....       LCALL   ?XSTACK_DISP0_8
   \   00000A   E0           MOVX    A,@DPTR
   \   00000B   F5..         MOV     ?V0 + 0,A
   \   00000D   A3           INC     DPTR
   \   00000E   E0           MOVX    A,@DPTR
   \   00000F   F5..         MOV     ?V0 + 1,A
   \   000011   740E         MOV     A,#0xe
   \   000013   12....       LCALL   ?XSTACK_DISP0_8
   \   000016   E0           MOVX    A,@DPTR
   \   000017   F5..         MOV     ?V0 + 2,A
   \   000019   A3           INC     DPTR
   \   00001A   E0           MOVX    A,@DPTR
   \   00001B   F5..         MOV     ?V0 + 3,A
    540          #if defined ( MT_SAPI_CB_FUNC )
    541            /* First check if MT has subscribed for this callback. If so , pass it as
    542            a event to MonitorTest and return control to calling function after that */
    543            if ( SAPICB_CHECK( SPI_CB_SAPI_RCV_DATA_IND ) )
    544            {
    545              zb_MTCallbackReceiveDataIndication( source, command, len, pData  );
    546            }
    547            else
    548          #endif  //MT_SAPI_CB_FUNC
    549            {
    550              zb_ReceiveDataIndication( source, command, len, pData  );
   \   00001D                ; Setup parameters for call to function zb_ReceiveDataIndication
   \   00001D   78..         MOV     R0,#?V0 + 2
   \   00001F   12....       LCALL   ?PUSH_XSTACK_I_TWO
   \   000022   78..         MOV     R0,#?V0 + 0
   \   000024   12....       LCALL   ?PUSH_XSTACK_I_TWO
   \   000027   12....       LCALL   ??zb_ReceiveDataIndication?relay
   \   00002A   7404         MOV     A,#0x4
   \   00002C   12....       LCALL   ?DEALLOC_XSTACK8
    551            }
    552          }
   \   00002F   02....       LJMP    ?Subroutine3 & 0xFFFF
    553          

   \                                 In  segment BANKED_CODE, align 1, keep-with-next
    554          void zb_ReceiveDataIndication( uint16 source, uint16 command, uint16 len, uint8 *pData  )
   \                     zb_ReceiveDataIndication:
    555          {
   \   000000   74F0         MOV     A,#-0x10
   \   000002   12....       LCALL   ?BANKED_ENTER_XDATA
   \   000005                ; Saved register size: 16
   \   000005                ; Auto size: 0
   \   000005   7412         MOV     A,#0x12
   \   000007   12....       LCALL   ?XSTACK_DISP0_8
   \   00000A   E0           MOVX    A,@DPTR
   \   00000B   FE           MOV     R6,A
   \   00000C   A3           INC     DPTR
   \   00000D   E0           MOVX    A,@DPTR
   \   00000E   FF           MOV     R7,A
    556          //  uint8 buf[8];
    557            int  dis_data;
    558            uint16 temp;
    559            dis_data=(pData[1]<<8)+pData[0];
   \   00000F   8E82         MOV     DPL,R6
   \   000011   8F83         MOV     DPH,R7
   \   000013   12....       LCALL   ??Subroutine2_0 & 0xFFFF
   \                     ??CrossCallReturnLabel_6:
   \   000016   12....       LCALL   ??Subroutine0_0 & 0xFFFF
    560              temp=(uint16)((float)dis_data*3.9);  //计算数据和显示,查考ADXL345快速入门第4页
   \                     ??CrossCallReturnLabel_2:
   \   000019   12....       LCALL   ?L_TO_FLT
   \   00001C   90....       MOV     DPTR,#__Constant_4079999a
   \   00001F   78..         MOV     R0,#?V0 + 0
   \   000021   12....       LCALL   ?L_MOV_X
   \   000024   78..         MOV     R0,#?V0 + 4
   \   000026   79..         MOV     R1,#?V0 + 0
   \   000028   12....       LCALL   ?FLT_MUL
   \   00002B   78..         MOV     R0,#?V0 + 4
   \   00002D   12....       LCALL   ?FLT_TO_L
   \   000030   12....       LCALL   ?Subroutine1 & 0xFFFF
    561          	if(dis_data<0){
   \                     ??CrossCallReturnLabel_3:
   \   000033   75..01       MOV     ?V0 + 0,#0x1
   \   000036   78..         MOV     R0,#?V0 + 0
   \   000038   500B         JNC     ??zb_ReceiveDataIndication_0
    562          	dis_data=-dis_data;
    563                  HalLcdWriteStringValue("X: -",temp,10,1);
   \   00003A                ; Setup parameters for call to function HalLcdWriteStringValue
   \   00003A   12....       LCALL   ?PUSH_XSTACK_I_ONE
   \   00003D   790A         MOV     R1,#0xa
   \   00003F   7A..         MOV     R2,#(`?<Constant "X: -">` & 0xff)
   \   000041   7B..         MOV     R3,#((`?<Constant "X: -">` >> 8) & 0xff)
   \   000043   8009         SJMP    ??zb_ReceiveDataIndication_1
    564          	}
    565          	else
    566              {
    567                  HalLcdWriteStringValue("X:  ",temp,10,1);
   \                     ??zb_ReceiveDataIndication_0:
   \   000045                ; Setup parameters for call to function HalLcdWriteStringValue
   \   000045   12....       LCALL   ?PUSH_XSTACK_I_ONE
   \   000048   790A         MOV     R1,#0xa
   \   00004A   7A..         MOV     R2,#(`?<Constant "X:  ">` & 0xff)
   \   00004C   7B..         MOV     R3,#((`?<Constant "X:  ">` >> 8) & 0xff)
   \                     ??zb_ReceiveDataIndication_1:
   \   00004E   12....       LCALL   ??HalLcdWriteStringValue?relay
   \   000051   7401         MOV     A,#0x1
   \   000053   12....       LCALL   ?DEALLOC_XSTACK8
    568              }
    569              dis_data=(pData[3]<<8)+pData[2];  //合成数据   
   \   000056   8E82         MOV     DPL,R6
   \   000058   8F83         MOV     DPH,R7
   \   00005A   12....       LCALL   ?Subroutine2 & 0xFFFF
   \                     ??CrossCallReturnLabel_7:
   \   00005D   12....       LCALL   ?Subroutine0 & 0xFFFF
    570          	    temp=(uint16)((float)dis_data*3.9);  //计算数据和显示,查考ADXL345快速入门第4页
   \                     ??CrossCallReturnLabel_0:
   \   000060   12....       LCALL   ?L_TO_FLT
   \   000063   90....       MOV     DPTR,#__Constant_4079999a
   \   000066   78..         MOV     R0,#?V0 + 0
   \   000068   12....       LCALL   ?L_MOV_X
   \   00006B   78..         MOV     R0,#?V0 + 4
   \   00006D   79..         MOV     R1,#?V0 + 0
   \   00006F   12....       LCALL   ?FLT_MUL
   \   000072   78..         MOV     R0,#?V0 + 4
   \   000074   12....       LCALL   ?FLT_TO_L
   \   000077   12....       LCALL   ?Subroutine1 & 0xFFFF
    571          	if(dis_data<0){
   \                     ??CrossCallReturnLabel_4:
   \   00007A   75..02       MOV     ?V0 + 0,#0x2
   \   00007D   78..         MOV     R0,#?V0 + 0
   \   00007F   500B         JNC     ??zb_ReceiveDataIndication_2
    572          	dis_data=-dis_data;
    573                  HalLcdWriteStringValue("Y: -",temp,10,2);
   \   000081                ; Setup parameters for call to function HalLcdWriteStringValue
   \   000081   12....       LCALL   ?PUSH_XSTACK_I_ONE
   \   000084   790A         MOV     R1,#0xa
   \   000086   7A..         MOV     R2,#(`?<Constant "Y: -">` & 0xff)
   \   000088   7B..         MOV     R3,#((`?<Constant "Y: -">` >> 8) & 0xff)
   \   00008A   8009         SJMP    ??zb_ReceiveDataIndication_3
    574          	}
    575          	else
    576              {
    577                  HalLcdWriteStringValue("Y:  ",temp,10,2);
   \                     ??zb_ReceiveDataIndication_2:
   \   00008C                ; Setup parameters for call to function HalLcdWriteStringValue
   \   00008C   12....       LCALL   ?PUSH_XSTACK_I_ONE
   \   00008F   790A         MOV     R1,#0xa
   \   000091   7A..         MOV     R2,#(`?<Constant "Y:  ">` & 0xff)
   \   000093   7B..         MOV     R3,#((`?<Constant "Y:  ">` >> 8) & 0xff)
   \                     ??zb_ReceiveDataIndication_3:
   \   000095   12....       LCALL   ??HalLcdWriteStringValue?relay
   \   000098   7401         MOV     A,#0x1
   \   00009A   12....       LCALL   ?DEALLOC_XSTACK8
    578              }
    579              dis_data=(pData[5]<<8)+pData[4];    //合成数据  
   \   00009D   8E82         MOV     DPL,R6
   \   00009F   8F83         MOV     DPH,R7
   \   0000A1   A3           INC     DPTR
   \   0000A2   A3           INC     DPTR
   \   0000A3   12....       LCALL   ?Subroutine2 & 0xFFFF
   \                     ??CrossCallReturnLabel_8:
   \   0000A6   A3           INC     DPTR
   \   0000A7   A3           INC     DPTR
   \   0000A8   12....       LCALL   ?Subroutine0 & 0xFFFF
    580              temp=(uint16)((float)dis_data*3.9);  //计算数据和显示,查考ADXL345快速入门第4页
   \                     ??CrossCallReturnLabel_1:
   \   0000AB   12....       LCALL   ?L_TO_FLT
   \   0000AE   90....       MOV     DPTR,#__Constant_4079999a
   \   0000B1   78..         MOV     R0,#?V0 + 0
   \   0000B3   12....       LCALL   ?L_MOV_X
   \   0000B6   78..         MOV     R0,#?V0 + 4
   \   0000B8   79..         MOV     R1,#?V0 + 0
   \   0000BA   12....       LCALL   ?FLT_MUL
   \   0000BD   78..         MOV     R0,#?V0 + 4
   \   0000BF   12....       LCALL   ?FLT_TO_L
   \   0000C2   12....       LCALL   ?Subroutine1 & 0xFFFF
    581          	if(dis_data<0){
   \                     ??CrossCallReturnLabel_5:
   \   0000C5   75..03       MOV     ?V0 + 0,#0x3
   \   0000C8   78..         MOV     R0,#?V0 + 0
   \   0000CA   500B         JNC     ??zb_ReceiveDataIndication_4
    582          	dis_data=-dis_data;
    583                  HalLcdWriteStringValue("Z: -",temp,10,3);
   \   0000CC                ; Setup parameters for call to function HalLcdWriteStringValue
   \   0000CC   12....       LCALL   ?PUSH_XSTACK_I_ONE
   \   0000CF   790A         MOV     R1,#0xa
   \   0000D1   7A..         MOV     R2,#(`?<Constant "Z: -">` & 0xff)
   \   0000D3   7B..         MOV     R3,#((`?<Constant "Z: -">` >> 8) & 0xff)
   \   0000D5   8009         SJMP    ??zb_ReceiveDataIndication_5
    584          	}
    585          	else
    586              {
    587                  HalLcdWriteStringValue("Z:  ",temp,10,3);
   \                     ??zb_ReceiveDataIndication_4:
   \   0000D7                ; Setup parameters for call to function HalLcdWriteStringValue
   \   0000D7   12....       LCALL   ?PUSH_XSTACK_I_ONE
   \   0000DA   790A         MOV     R1,#0xa
   \   0000DC   7A..         MOV     R2,#(`?<Constant "Z:  ">` & 0xff)
   \   0000DE   7B..         MOV     R3,#((`?<Constant "Z:  ">` >> 8) & 0xff)
   \                     ??zb_ReceiveDataIndication_5:
   \   0000E0   12....       LCALL   ??HalLcdWriteStringValue?relay
   \   0000E3   7401         MOV     A,#0x1
   \   0000E5   12....       LCALL   ?DEALLOC_XSTACK8
    588              }
    589          
    590              
    591          }
   \   0000E8   7F08         MOV     R7,#0x8
   \   0000EA   02....       LJMP    ?BANKED_LEAVE_XDATA

   \                                 In  segment BANKED_CODE, align 1, keep-with-next
   \                     ?Subroutine2:
   \   000000   A3           INC     DPTR
   \   000001   A3           INC     DPTR
   \                     ??Subroutine2_0:
   \   000002   A3           INC     DPTR
   \   000003   E0           MOVX    A,@DPTR
   \   000004   F9           MOV     R1,A
   \   000005   8E82         MOV     DPL,R6
   \   000007   8F83         MOV     DPH,R7
   \   000009   22           RET

   \                                 In  segment BANKED_CODE, align 1, keep-with-next
   \                     ?Subroutine1:
   \   000000   AC..         MOV     R4,?V0 + 4
   \   000002   AD..         MOV     R5,?V0 + 5
   \   000004   C3           CLR     C
   \   000005   EB           MOV     A,R3
   \   000006   9400         SUBB    A,#0x0
   \   000008   A2D2         MOV     C,0xD0 /* PSW */.2
   \   00000A   65D0         XRL     A,PSW
   \   00000C   33           RLC     A
   \   00000D   22           RET

   \                                 In  segment BANKED_CODE, align 1, keep-with-next
   \                     ?Subroutine0:
   \   000000   A3           INC     DPTR
   \   000001   A3           INC     DPTR
   \                     ??Subroutine0_0:
   \   000002   E0           MOVX    A,@DPTR
   \   000003   2400         ADD     A,#0x0
   \   000005   FA           MOV     R2,A
   \   000006   E4           CLR     A
   \   000007   39           ADDC    A,R1
   \   000008   FB           MOV     R3,A
   \   000009   8A..         MOV     ?V0 + 4,R2
   \   00000B   F5..         MOV     ?V0 + 5,A
   \   00000D   33           RLC     A
   \   00000E   95E0         SUBB    A,0xE0 /* A   */
   \   000010   F5..         MOV     ?V0 + 6,A
   \   000012   F5..         MOV     ?V0 + 7,A
   \   000014   78..         MOV     R0,#?V0 + 4
   \   000016   22           RET

   \                                 In  segment XDATA_ID, align 1, keep-with-next
   \                     `?<Initializer for <Constant "X: -">>`:
   \   000000   583A202D     DB "X: -"
   \            00      

   \                                 In  segment XDATA_ID, align 1, keep-with-next
   \                     `?<Initializer for <Constant "X:  ">>`:
   \   000000   583A2020     DB "X:  "
   \            00      

   \                                 In  segment XDATA_ID, align 1, keep-with-next
   \                     `?<Initializer for <Constant "Y: -">>`:
   \   000000   593A202D     DB "Y: -"
   \            00      

   \                                 In  segment XDATA_ID, align 1, keep-with-next
   \                     `?<Initializer for <Constant "Y:  ">>`:
   \   000000   593A2020     DB "Y:  "
   \            00      

   \                                 In  segment XDATA_ID, align 1, keep-with-next
   \                     `?<Initializer for <Constant "Z: -">>`:
   \   000000   5A3A202D     DB "Z: -"
   \            00      

   \                                 In  segment XDATA_ID, align 1, keep-with-next
   \                     `?<Initializer for <Constant "Z:  ">>`:
   \   000000   5A3A2020     DB "Z:  "
   \            00      

   \                                 In  segment XDATA_ID, align 1, keep-with-next
   \                     `?<Initializer for AXD_ClusterList>`:
   \   000000   0100         DW 1

   \                                 In  segment XDATA_ID, align 1, keep-with-next
   \                     `?<Initializer for AXD_SimpleDesc>`:
   \   000000   0A           DB 10
   \   000001   040F0100     DW 3844, 1
   \   000005   0001         DB 0, 1
   \   000007   ....         DW AXD_ClusterList
   \   000009   01           DB 1
   \   00000A   ....         DW AXD_ClusterList

   \                                 In  segment XDATA_ID, align 1, keep-with-next
   \                     `?<Initializer for __Constant_4079999a>`:
   \   000000   9A997940     DD 4079999AH

   \                                 In  segment BANK_RELAYS, align 1
   \                     ??AXD_Init?relay:
   \   000000   12....       LCALL   ?BDISPATCH
   \   000003   ......       DC24    AXD_Init

   \                                 In  segment BANK_RELAYS, align 1
   \                     ??AXD_ProcessEvent?relay:
   \   000000   12....       LCALL   ?BDISPATCH
   \   000003   ......       DC24    AXD_ProcessEvent

   \                                 In  segment BANK_RELAYS, align 1
   \                     ??AXD_ProcessZDOMsgs?relay:
   \   000000   12....       LCALL   ?BDISPATCH
   \   000003   ......       DC24    AXD_ProcessZDOMsgs

   \                                 In  segment BANK_RELAYS, align 1
   \                     ??AXD_HandleKeys?relay:
   \   000000   12....       LCALL   ?BDISPATCH
   \   000003   ......       DC24    AXD_HandleKeys

   \                                 In  segment BANK_RELAYS, align 1
   \                     ??AXD_MessageMSGCB?relay:
   \   000000   12....       LCALL   ?BDISPATCH
   \   000003   ......       DC24    AXD_MessageMSGCB

   \                                 In  segment BANK_RELAYS, align 1
   \                     ??AXD_SendTheMessage?relay:
   \   000000   12....       LCALL   ?BDISPATCH
   \   000003   ......       DC24    AXD_SendTheMessage

   \                                 In  segment BANK_RELAYS, align 1
   \                     ??AXD_ReceiveDataIndication?relay:
   \   000000   12....       LCALL   ?BDISPATCH
   \   000003   ......       DC24    AXD_ReceiveDataIndication

   \                                 In  segment BANK_RELAYS, align 1
   \                     ??zb_ReceiveDataIndication?relay:
   \   000000   12....       LCALL   ?BDISPATCH
   \   000003   ......       DC24    zb_ReceiveDataIndication

   \                                 In  segment XDATA_I, align 1, keep-with-next
   \                     `?<Constant "X: -">`:
   \   000000                DS 5
   \   000005                REQUIRE `?<Initializer for <Constant "X: -">>`
   \   000005                REQUIRE __INIT_XDATA_I

   \                                 In  segment XDATA_I, align 1, keep-with-next
   \                     `?<Constant "X:  ">`:
   \   000000                DS 5
   \   000005                REQUIRE `?<Initializer for <Constant "X:  ">>`
   \   000005                REQUIRE __INIT_XDATA_I

   \                                 In  segment XDATA_I, align 1, keep-with-next
   \                     `?<Constant "Y: -">`:
   \   000000                DS 5
   \   000005                REQUIRE `?<Initializer for <Constant "Y: -">>`
   \   000005                REQUIRE __INIT_XDATA_I

   \                                 In  segment XDATA_I, align 1, keep-with-next
   \                     `?<Constant "Y:  ">`:
   \   000000                DS 5
   \   000005                REQUIRE `?<Initializer for <Constant "Y:  ">>`
   \   000005                REQUIRE __INIT_XDATA_I

   \                                 In  segment XDATA_I, align 1, keep-with-next
   \                     `?<Constant "Z: -">`:
   \   000000                DS 5
   \   000005                REQUIRE `?<Initializer for <Constant "Z: -">>`
   \   000005                REQUIRE __INIT_XDATA_I

   \                                 In  segment XDATA_I, align 1, keep-with-next
   \                     `?<Constant "Z:  ">`:
   \   000000                DS 5
   \   000005                REQUIRE `?<Initializer for <Constant "Z:  ">>`
   \   000005                REQUIRE __INIT_XDATA_I

   \                                 In  segment XDATA_I, align 1, keep-with-next
   \                     __Constant_4079999a:
   \   000000                DS 4
   \   000004                REQUIRE `?<Initializer for __Constant_4079999a>`
   \   000004                REQUIRE __INIT_XDATA_I

   Maximum stack usage in bytes:

     Function                      ISTACK PSTACK XSTACK
     --------                      ------ ------ ------
     AXD_HandleKeys                    1      0     40
       -> HalLedSet                    0      0     38
       -> NLME_GetShortAddr            0      0     38
       -> ZDP_EndDeviceBindReq         0      0     56
       -> HalLedSet                    0      0     38
       -> ZDP_MatchDescReq             0      0     54
     AXD_Init                          2      0      0
       -> afRegister                   4      0      0
       -> RegisterForKeys              4      0      0
       -> ZDO_RegisterForZDOMsg        4      0      0
       -> ZDO_RegisterForZDOMsg        4      0      0
       -> Init_ADXL345                 4      0      0
     AXD_MessageMSGCB                  0      0      0
     AXD_ProcessEvent                  0      0     12
       -> osal_msg_receive             0      0     24
       -> osal_start_timerEx           0      0     24
       -> osal_msg_deallocate          0      0     24
       -> osal_msg_receive             0      0     24
       -> AXD_ProcessZDOMsgs           0      0     24
       -> AXD_HandleKeys               0      0     24
       -> zb_HandleOsalEvent           0      0     24
       -> osal_start_timerEx           0      0     24
       -> zb_HandleOsalEvent           0      0     24
     AXD_ProcessZDOMsgs                0      0     22
       -> HalLedSet                    0      0     20
       -> HalLedSet                    0      0     20
       -> ZDO_ParseEPListRsp           0      0     20
       -> HalLedSet                    0      0     20
       -> osal_mem_free                0      0     20
     AXD_ReceiveDataIndication         0      0     20
       -> zb_ReceiveDataIndication     0      0     32
     AXD_SendTheMessage                0      0      0
     zb_ReceiveDataIndication          0      0     33
       -> HalLcdWriteStringValue       0      0     34
       -> HalLcdWriteStringValue       0      0     34
       -> HalLcdWriteStringValue       0      0     34
       -> HalLcdWriteStringValue       0      0     34
       -> HalLcdWriteStringValue       0      0     34
       -> HalLcdWriteStringValue       0      0     34


   Segment part sizes:

     Function/Label                 Bytes
     --------------                 -----
     AXD_ClusterList                   2
     AXD_SimpleDesc                   12
     AXD_epDesc                        6
     TEMP                              8
     AXD_TaskID                        1
     AXD_NwkState                      1
     AXD_TransID                       1
     AXD_DstAddr                       4
     AXD_Init                        114
     AXD_ProcessEvent                199
     ?Subroutine3                      5
     AXD_ProcessZDOMsgs              156
     ?Subroutine4                      5
     AXD_HandleKeys                  243
     AXD_MessageMSGCB                  3
     AXD_SendTheMessage                3
     AXD_ReceiveDataIndication        50
     zb_ReceiveDataIndication        237
     ?Subroutine2                     10
     ?Subroutine1                     14
     ?Subroutine0                     23
     ?<Initializer for <Constant "X: -">>
                                       5
     ?<Initializer for <Constant "X:  ">>
                                       5
     ?<Initializer for <Constant "Y: -">>
                                       5
     ?<Initializer for <Constant "Y:  ">>
                                       5
     ?<Initializer for <Constant "Z: -">>
                                       5
     ?<Initializer for <Constant "Z:  ">>
                                       5
     ?<Initializer for AXD_ClusterList>
                                       2
     ?<Initializer for AXD_SimpleDesc>
                                      12
     ?<Initializer for __Constant_4079999a>
                                       4
     ??AXD_Init?relay                  6
     ??AXD_ProcessEvent?relay          6
     ??AXD_ProcessZDOMsgs?relay        6
     ??AXD_HandleKeys?relay            6
     ??AXD_MessageMSGCB?relay          6
     ??AXD_SendTheMessage?relay        6
     ??AXD_ReceiveDataIndication?relay
                                       6
     ??zb_ReceiveDataIndication?relay
                                       6
     ?<Constant "X: -">                5
     ?<Constant "X:  ">                5
     ?<Constant "Y: -">                5
     ?<Constant "Y:  ">                5
     ?<Constant "Z: -">                5
     ?<Constant "Z:  ">                5
     __Constant_4079999a               4

 
 1 062 bytes in segment BANKED_CODE
    48 bytes in segment BANK_RELAYS
    48 bytes in segment XDATA_I
    48 bytes in segment XDATA_ID
    21 bytes in segment XDATA_Z
 
 1 154 bytes of CODE  memory (+ 4 bytes shared)
    65 bytes of XDATA memory (+ 4 bytes shared)

Errors: none
Warnings: none
