###############################################################################
#                                                                             #
# IAR 8051 C/C++ Compiler V7.30B/W32                    28/Dec/2012  21:17:06 #
# Copyright 2004-2007 IAR Systems. All rights reserved.                       #
#                                                                             #
#    Core               =  plain                                              #
#    Code model         =  banked                                             #
#    Data model         =  large                                              #
#    Calling convention =  xdata reentrant                                    #
#    Constant location  =  data                                               #
#    Dptr setup         =  1,16                                               #
#    Source file        =  C:\Texas Instruments\ZStack-1.4.3-1.2.1\Components #
#                          \osal\common\OSAL_Tasks.c                          #
#    Command line       =  -f "C:\Texas Instruments\ZStack-1.4.3-1.2.1\Projec #
#                          ts\zstack\Samples\AXDApp\CC2430DB\..\..\..\Tools\C #
#                          C2430DB\f8wCoord.cfg" (-DCPU32MHZ                  #
#                          -DFORCE_MAC_NEAR -DROOT=__near_func                #
#                          -DMAC_CFG_APP_PENDING_QUEUE=TRUE                   #
#                          -DZDO_COORDINATOR -DRTR_NWK -DBLINK_LEDS           #
#                          "-DCONST=const __code" -DGENERIC=__generic) -f     #
#                          "C:\Texas Instruments\ZStack-1.4.3-1.2.1\Projects\ #
#                          zstack\Samples\AXDApp\CC2430DB\..\..\..\Tools\CC24 #
#                          30DB\f8wConfig.cfg" (-DSECURE=0                    #
#                          -DDEFAULT_CHANLIST=0x00000800                      #
#                          -DZDAPP_CONFIG_PAN_ID=0xFFFF                       #
#                          -DNWK_START_DELAY=100 -DEXTENDED_JOINING_RANDOM_MA #
#                          SK=0x007F -DBEACON_REQUEST_DELAY=100               #
#                          -DBEACON_REQ_DELAY_MASK=0x00FF                     #
#                          -DROUTE_EXPIRY_TIME=30 -DAPSC_ACK_WAIT_DURATION_PO #
#                          LLED=3000 -DNWK_INDIRECT_MSG_TIMEOUT=7             #
#                          -DMAX_RREQ_ENTRIES=10 -DAPSC_MAX_FRAME_RETRIES=3   #
#                          -DNWK_MAX_DATA_RETRIES=2                           #
#                          -DMAX_POLL_FAILURE_RETRIES=2 -DMAX_BCAST=9         #
#                          -DAPS_MAX_GROUPS=16 -DMAX_RTG_ENTRIES=20           #
#                          -DNWK_MAX_BINDING_ENTRIES=10                       #
#                          -DMAX_BINDING_CLUSTER_IDS=5 "-DDEFAULT_KEY={0x01,  #
#                          0x03, 0x05, 0x07, 0x09, 0x0B, 0x0D, 0x0F, 0x00,    #
#                          0x02, 0x04, 0x06, 0x08, 0x0A, 0x0C, 0x0D}"         #
#                          -DRFD_RCVC_ALWAYS_ON=FALSE -DPOLL_RATE=1000        #
#                          -DQUEUED_POLL_RATE=100 -DRESPONSE_POLL_RATE=100)   #
#                          -DREJOIN_POLL_RATE=440 "C:\Texas                   #
#                          Instruments\ZStack-1.4.3-1.2.1\Components\osal\com #
#                          mon\OSAL_Tasks.c" -D CC2430DB -D REFLECTOR -D      #
#                          xZTOOL_P2 -D xMT_TASK -D xMT_ZDO_FUNC -D           #
#                          xLCD_SUPPORTED=DEBUG -lC "C:\Texas                 #
#                          Instruments\ZStack-1.4.3-1.2.1\Projects\zstack\Sam #
#                          ples\AXDApp\CC2430DB\CoordinatorDB\List\" -lA      #
#                          "C:\Texas Instruments\ZStack-1.4.3-1.2.1\Projects\ #
#                          zstack\Samples\AXDApp\CC2430DB\CoordinatorDB\List\ #
#                          " --diag_suppress Pe001,Pa010 --diag_remark pe550  #
#                          -o "C:\Texas Instruments\ZStack-1.4.3-1.2.1\Projec #
#                          ts\zstack\Samples\AXDApp\CC2430DB\CoordinatorDB\Ob #
#                          j\" -e --require_prototypes -z9 --no_code_motion   #
#                          --debug --core=plain --dptr=16,1                   #
#                          --data_model=large --code_model=banked             #
#                          --calling_convention=xdata_reentrant               #
#                          --place_constants=data --nr_virtual_regs 8 -I      #
#                          "C:\Texas Instruments\ZStack-1.4.3-1.2.1\Projects\ #
#                          zstack\Samples\AXDApp\CC2430DB\" -I "C:\Texas      #
#                          Instruments\ZStack-1.4.3-1.2.1\Projects\zstack\Sam #
#                          ples\AXDApp\CC2430DB\..\SOURCE\" -I "C:\Texas      #
#                          Instruments\ZStack-1.4.3-1.2.1\Projects\zstack\Sam #
#                          ples\AXDApp\CC2430DB\..\..\..\ZMAIN\TI2430DB\" -I  #
#                          "C:\Texas Instruments\ZStack-1.4.3-1.2.1\Projects\ #
#                          zstack\Samples\AXDApp\CC2430DB\..\..\..\..\..\COMP #
#                          ONENTS\MT\" -I "C:\Texas                           #
#                          Instruments\ZStack-1.4.3-1.2.1\Projects\zstack\Sam #
#                          ples\AXDApp\CC2430DB\..\..\..\..\..\COMPONENTS\HAL #
#                          \INCLUDE\" -I "C:\Texas Instruments\ZStack-1.4.3-1 #
#                          .2.1\Projects\zstack\Samples\AXDApp\CC2430DB\..\.. #
#                          \..\..\..\COMPONENTS\HAL\TARGET\CC2430DB\" -I      #
#                          "C:\Texas Instruments\ZStack-1.4.3-1.2.1\Projects\ #
#                          zstack\Samples\AXDApp\CC2430DB\..\..\..\..\..\COMP #
#                          ONENTS\OSAL\MCU\CCSOC\" -I "C:\Texas               #
#                          Instruments\ZStack-1.4.3-1.2.1\Projects\zstack\Sam #
#                          ples\AXDApp\CC2430DB\..\..\..\..\..\COMPONENTS\OSA #
#                          L\INCLUDE\" -I "C:\Texas                           #
#                          Instruments\ZStack-1.4.3-1.2.1\Projects\zstack\Sam #
#                          ples\AXDApp\CC2430DB\..\..\..\..\..\COMPONENTS\STA #
#                          CK\AF\" -I "C:\Texas Instruments\ZStack-1.4.3-1.2. #
#                          1\Projects\zstack\Samples\AXDApp\CC2430DB\..\..\.. #
#                          \..\..\COMPONENTS\STACK\NWK\" -I "C:\Texas         #
#                          Instruments\ZStack-1.4.3-1.2.1\Projects\zstack\Sam #
#                          ples\AXDApp\CC2430DB\..\..\..\..\..\COMPONENTS\STA #
#                          CK\SEC\" -I "C:\Texas Instruments\ZStack-1.4.3-1.2 #
#                          .1\Projects\zstack\Samples\AXDApp\CC2430DB\..\..\. #
#                          .\..\..\COMPONENTS\STACK\SYS\" -I "C:\Texas        #
#                          Instruments\ZStack-1.4.3-1.2.1\Projects\zstack\Sam #
#                          ples\AXDApp\CC2430DB\..\..\..\..\..\COMPONENTS\STA #
#                          CK\ZDO\" -I "C:\Texas Instruments\ZStack-1.4.3-1.2 #
#                          .1\Projects\zstack\Samples\AXDApp\CC2430DB\..\..\. #
#                          .\..\..\COMPONENTS\ZMAC\F8W\" -I "C:\Texas         #
#                          Instruments\ZStack-1.4.3-1.2.1\Projects\zstack\Sam #
#                          ples\AXDApp\CC2430DB\..\..\..\..\..\COMPONENTS\ZMA #
#                          C\" -I "C:\Texas Instruments\ZStack-1.4.3-1.2.1\Pr #
#                          ojects\zstack\Samples\AXDApp\CC2430DB\..\..\..\..\ #
#                          ..\COMPONENTS\SERVICES\SADDR\" -I "C:\Texas        #
#                          Instruments\ZStack-1.4.3-1.2.1\Projects\zstack\Sam #
#                          ples\AXDApp\CC2430DB\..\..\..\..\..\COMPONENTS\SER #
#                          VICES\SDATA\" -I "C:\Texas                         #
#                          Instruments\ZStack-1.4.3-1.2.1\Projects\zstack\Sam #
#                          ples\AXDApp\CC2430DB\..\..\..\..\..\COMPONENTS\MAC #
#                          \INCLUDE\" -I "C:\Texas Instruments\ZStack-1.4.3-1 #
#                          .2.1\Projects\zstack\Samples\AXDApp\CC2430DB\..\.. #
#                          \..\..\..\COMPONENTS\MAC\HIGH_LEVEL\" -I           #
#                          "C:\Texas Instruments\ZStack-1.4.3-1.2.1\Projects\ #
#                          zstack\Samples\AXDApp\CC2430DB\..\..\..\..\..\COMP #
#                          ONENTS\MAC\LOW_LEVEL\SRF03\" -I "C:\Texas          #
#                          Instruments\ZStack-1.4.3-1.2.1\Projects\zstack\Sam #
#                          ples\AXDApp\CC2430DB\..\..\..\..\..\COMPONENTS\MAC #
#                          \LOW_LEVEL\SRF03\SINGLE_CHIP\" -I "C:\Program      #
#                          Files\IAR Systems\Embedded Workbench 4.0           #
#                          Evaluation version\8051\INC\" -I "C:\Program       #
#                          Files\IAR Systems\Embedded Workbench 4.0           #
#                          Evaluation version\8051\INC\CLIB\"                 #
#    List file          =  C:\Texas Instruments\ZStack-1.4.3-1.2.1\Projects\z #
#                          stack\Samples\AXDApp\CC2430DB\CoordinatorDB\List\O #
#                          SAL_Tasks.lst                                      #
#    Object file        =  C:\Texas Instruments\ZStack-1.4.3-1.2.1\Projects\z #
#                          stack\Samples\AXDApp\CC2430DB\CoordinatorDB\Obj\OS #
#                          AL_Tasks.r51                                       #
#                                                                             #
#                                                                             #
###############################################################################

C:\Texas Instruments\ZStack-1.4.3-1.2.1\Components\osal\common\OSAL_Tasks.c
      1          /**************************************************************************************************
      2            Filename:       OSAL_Tasks.c
      3            Revised:        $Date: 2007-10-28 18:43:04 -0700 (Sun, 28 Oct 2007) $
      4            Revision:       $Revision: 15800 $
      5          
      6            Description:    This file contains the OSAL Task definition and manipulation functions.
      7          
      8          
      9            Copyright 2004-2007 Texas Instruments Incorporated. All rights reserved.
     10          
     11            IMPORTANT: Your use of this Software is limited to those specific rights
     12            granted under the terms of a software license agreement between the user
     13            who downloaded the software, his/her employer (which must be your employer)
     14            and Texas Instruments Incorporated (the "License").  You may not use this
     15            Software unless you agree to abide by the terms of the License. The License
     16            limits your use, and you acknowledge, that the Software may not be modified,
     17            copied or distributed unless embedded on a Texas Instruments microcontroller
     18            or used solely and exclusively in conjunction with a Texas Instruments radio
     19            frequency transceiver, which is integrated into your product.  Other than for
     20            the foregoing purpose, you may not use, reproduce, copy, prepare derivative
     21            works of, modify, distribute, perform, display or sell this Software and/or
     22            its documentation for any purpose.
     23          
     24            YOU FURTHER ACKNOWLEDGE AND AGREE THAT THE SOFTWARE AND DOCUMENTATION ARE
     25            PROVIDED “AS IS” WITHOUT WARRANTY OF ANY KIND, EITHER EXPRESS OR IMPLIED, 
     26            INCLUDING WITHOUT LIMITATION, ANY WARRANTY OF MERCHANTABILITY, TITLE, 
     27            NON-INFRINGEMENT AND FITNESS FOR A PARTICULAR PURPOSE. IN NO EVENT SHALL
     28            TEXAS INSTRUMENTS OR ITS LICENSORS BE LIABLE OR OBLIGATED UNDER CONTRACT,
     29            NEGLIGENCE, STRICT LIABILITY, CONTRIBUTION, BREACH OF WARRANTY, OR OTHER
     30            LEGAL EQUITABLE THEORY ANY DIRECT OR INDIRECT DAMAGES OR EXPENSES
     31            INCLUDING BUT NOT LIMITED TO ANY INCIDENTAL, SPECIAL, INDIRECT, PUNITIVE
     32            OR CONSEQUENTIAL DAMAGES, LOST PROFITS OR LOST DATA, COST OF PROCUREMENT
     33            OF SUBSTITUTE GOODS, TECHNOLOGY, SERVICES, OR ANY CLAIMS BY THIRD PARTIES
     34            (INCLUDING BUT NOT LIMITED TO ANY DEFENSE THEREOF), OR OTHER SIMILAR COSTS.
     35          
     36            Should you have any questions regarding your right to use this Software,
     37            contact Texas Instruments Incorporated at www.TI.com. 
     38          **************************************************************************************************/
     39          
     40          
     41          /*********************************************************************
     42          *********************************************************************/


 
 
 0 bytes of memory

Errors: none
Warnings: none
